2023-01-21 14:00:07 DEBUG MyLogger - Level - Debug
java.io.FileNotFoundException: C:\input.txt (Не удается найти указанный файл)
	at java.base/java.io.FileInputStream.open0(Native Method)
	at java.base/java.io.FileInputStream.open(FileInputStream.java:216)
	at java.base/java.io.FileInputStream.<init>(FileInputStream.java:157)
	at java.base/java.util.Scanner.<init>(Scanner.java:639)
	at ua_hillel.homework_6.Main.main(Main.java:14)
2023-01-21 14:00:07 INFO  MyLogger - Level - Info
java.lang.ArrayIndexOutOfBoundsException: Index 3 out of bounds for length 3
	at ua_hillel.homework_6.Main.main(Main.java:22)
2023-01-21 14:00:11 INFO  MyLogger - Level - Info
java.util.InputMismatchException
	at java.base/java.util.Scanner.throwFor(Scanner.java:939)
	at java.base/java.util.Scanner.next(Scanner.java:1594)
	at java.base/java.util.Scanner.nextInt(Scanner.java:2258)
	at java.base/java.util.Scanner.nextInt(Scanner.java:2212)
	at ua_hillel.homework_6.Person.getCreditStatus(Person.java:31)
	at ua_hillel.homework_6.Main.main(Main.java:31)
2023-01-21 14:00:11 ERROR MyLogger - Level - Error
java.io.FileNotFoundException: А:\Temp\test.txt (Системе не удается найти указанный путь)
	at java.base/java.io.FileInputStream.open0(Native Method)
	at java.base/java.io.FileInputStream.open(FileInputStream.java:216)
	at java.base/java.io.FileInputStream.<init>(FileInputStream.java:157)
	at java.base/java.io.FileInputStream.<init>(FileInputStream.java:111)
	at java.base/java.io.FileReader.<init>(FileReader.java:60)
	at ua_hillel.homework_6.SavePerson.SavePerson(SavePerson.java:11)
	at ua_hillel.homework_6.Main.main(Main.java:35)
2023-01-21 14:00:11 WARN  MyLogger - Level - Warn
java.io.FileNotFoundException: C:\Temp\DataBase.txt (Не удается найти указанный файл)
	at java.base/java.io.FileInputStream.open0(Native Method)
	at java.base/java.io.FileInputStream.open(FileInputStream.java:216)
	at java.base/java.io.FileInputStream.<init>(FileInputStream.java:157)
	at java.base/java.io.FileInputStream.<init>(FileInputStream.java:111)
	at java.base/java.io.FileReader.<init>(FileReader.java:60)
	at ua_hillel.homework_6.FindPerson.FindPerson(FindPerson.java:11)
	at ua_hillel.homework_6.Main.main(Main.java:37)
2023-01-21 14:20:55 DEBUG MyLogger - Level - Debug
java.io.FileNotFoundException: C:\input.txt (Не удается найти указанный файл)
	at java.base/java.io.FileInputStream.open0(Native Method)
	at java.base/java.io.FileInputStream.open(FileInputStream.java:216)
	at java.base/java.io.FileInputStream.<init>(FileInputStream.java:157)
	at java.base/java.util.Scanner.<init>(Scanner.java:639)
	at ua_hillel.homework_6.Main.main(Main.java:13)
2023-01-21 14:20:55 INFO  MyLogger - Level - Info
java.lang.ArrayIndexOutOfBoundsException: Index 3 out of bounds for length 3
	at ua_hillel.homework_6.Main.main(Main.java:21)
2023-01-21 14:21:11 ERROR MyLogger - Level - Error
java.io.FileNotFoundException: А:\Temp\test.txt (Системе не удается найти указанный путь)
	at java.base/java.io.FileInputStream.open0(Native Method)
	at java.base/java.io.FileInputStream.open(FileInputStream.java:216)
	at java.base/java.io.FileInputStream.<init>(FileInputStream.java:157)
	at java.base/java.io.FileInputStream.<init>(FileInputStream.java:111)
	at java.base/java.io.FileReader.<init>(FileReader.java:60)
	at ua_hillel.homework_6.SavePerson.SavePerson(SavePerson.java:11)
	at ua_hillel.homework_6.Main.main(Main.java:36)
2023-01-21 14:21:11 WARN  MyLogger - Level - Warn
java.io.FileNotFoundException: C:\Temp\DataBase.txt (Не удается найти указанный файл)
	at java.base/java.io.FileInputStream.open0(Native Method)
	at java.base/java.io.FileInputStream.open(FileInputStream.java:216)
	at java.base/java.io.FileInputStream.<init>(FileInputStream.java:157)
	at java.base/java.io.FileInputStream.<init>(FileInputStream.java:111)
	at java.base/java.io.FileReader.<init>(FileReader.java:60)
	at ua_hillel.homework_6.FindPerson.FindPerson(FindPerson.java:11)
	at ua_hillel.homework_6.Main.main(Main.java:38)
2023-01-21 14:48:55 DEBUG MyLogger - Level - Debug
java.io.FileNotFoundException: C:\input.txt (Не удается найти указанный файл)
	at java.base/java.io.FileInputStream.open0(Native Method)
	at java.base/java.io.FileInputStream.open(FileInputStream.java:216)
	at java.base/java.io.FileInputStream.<init>(FileInputStream.java:157)
	at java.base/java.util.Scanner.<init>(Scanner.java:639)
	at ua_hillel.homework_6.Main.main(Main.java:13)
2023-01-21 14:48:55 INFO  MyLogger - Level - Info
java.lang.ArrayIndexOutOfBoundsException: Index 3 out of bounds for length 3
	at ua_hillel.homework_6.Main.main(Main.java:21)
2023-01-21 14:49:00 ERROR MyLogger - Level - Error
java.io.FileNotFoundException: А:\Temp\test.txt (Системе не удается найти указанный путь)
	at java.base/java.io.FileInputStream.open0(Native Method)
	at java.base/java.io.FileInputStream.open(FileInputStream.java:216)
	at java.base/java.io.FileInputStream.<init>(FileInputStream.java:157)
	at java.base/java.io.FileInputStream.<init>(FileInputStream.java:111)
	at java.base/java.io.FileReader.<init>(FileReader.java:60)
	at ua_hillel.homework_6.SavePerson.SavePerson(SavePerson.java:11)
	at ua_hillel.homework_6.Main.main(Main.java:37)
2023-01-21 14:49:00 WARN  MyLogger - Level - Warn
java.io.FileNotFoundException: C:\Temp\DataBase.txt (Не удается найти указанный файл)
	at java.base/java.io.FileInputStream.open0(Native Method)
	at java.base/java.io.FileInputStream.open(FileInputStream.java:216)
	at java.base/java.io.FileInputStream.<init>(FileInputStream.java:157)
	at java.base/java.io.FileInputStream.<init>(FileInputStream.java:111)
	at java.base/java.io.FileReader.<init>(FileReader.java:60)
	at ua_hillel.homework_6.FindPerson.FindPerson(FindPerson.java:11)
	at ua_hillel.homework_6.Main.main(Main.java:39)
2023-01-21 14:49:59 DEBUG MyLogger - Level - Debug
java.io.FileNotFoundException: C:\input.txt (Не удается найти указанный файл)
	at java.base/java.io.FileInputStream.open0(Native Method)
	at java.base/java.io.FileInputStream.open(FileInputStream.java:216)
	at java.base/java.io.FileInputStream.<init>(FileInputStream.java:157)
	at java.base/java.util.Scanner.<init>(Scanner.java:639)
	at ua_hillel.homework_6.Main.main(Main.java:13)
2023-01-21 14:49:59 INFO  MyLogger - Level - Info
java.lang.ArrayIndexOutOfBoundsException: Index 3 out of bounds for length 3
	at ua_hillel.homework_6.Main.main(Main.java:21)
2023-01-21 14:50:03 ERROR MyLogger - Level - Error
java.io.FileNotFoundException: А:\Temp\test.txt (Системе не удается найти указанный путь)
	at java.base/java.io.FileInputStream.open0(Native Method)
	at java.base/java.io.FileInputStream.open(FileInputStream.java:216)
	at java.base/java.io.FileInputStream.<init>(FileInputStream.java:157)
	at java.base/java.io.FileInputStream.<init>(FileInputStream.java:111)
	at java.base/java.io.FileReader.<init>(FileReader.java:60)
	at ua_hillel.homework_6.SavePerson.SavePerson(SavePerson.java:11)
	at ua_hillel.homework_6.Main.main(Main.java:37)
2023-01-21 14:50:03 WARN  MyLogger - Level - Warn
java.io.FileNotFoundException: C:\Temp\DataBase.txt (Не удается найти указанный файл)
	at java.base/java.io.FileInputStream.open0(Native Method)
	at java.base/java.io.FileInputStream.open(FileInputStream.java:216)
	at java.base/java.io.FileInputStream.<init>(FileInputStream.java:157)
	at java.base/java.io.FileInputStream.<init>(FileInputStream.java:111)
	at java.base/java.io.FileReader.<init>(FileReader.java:60)
	at ua_hillel.homework_6.FindPerson.FindPerson(FindPerson.java:11)
	at ua_hillel.homework_6.Main.main(Main.java:39)
